<?xml version="1.0" encoding="UTF-8"?>
<testng-results ignored="0" total="3" passed="2" failed="1" skipped="0">
  <reporter-output>
  </reporter-output>
  <suite started-at="2020-12-10T13:34:49Z" name="Default Suite" finished-at="2020-12-10T13:35:38Z" duration-ms="48779">
    <groups>
    </groups>
    <test started-at="2020-12-10T13:34:49Z" name="SeleniumTrain" finished-at="2020-12-10T13:35:38Z" duration-ms="48779">
      <class name="com.TestScript.GmailScript">
        <test-method is-config="true" signature="initialSetup()[pri:0, instance:com.TestScript.GmailScript@543788f3]" started-at="2020-12-10T13:34:50Z" name="initialSetup" finished-at="2020-12-10T13:34:54Z" duration-ms="4210" status="PASS">
          <reporter-output>
          </reporter-output>
        </test-method> <!-- initialSetup -->
        <test-method is-config="true" signature="setWaitForPageLoad()[pri:0, instance:com.TestScript.GmailScript@543788f3]" started-at="2020-12-10T13:34:54Z" name="setWaitForPageLoad" finished-at="2020-12-10T13:34:54Z" duration-ms="9" status="PASS">
          <reporter-output>
          </reporter-output>
        </test-method> <!-- setWaitForPageLoad -->
        <test-method signature="SignIn()[pri:0, instance:com.TestScript.GmailScript@543788f3]" started-at="2020-12-10T13:34:54Z" name="SignIn" finished-at="2020-12-10T13:35:00Z" duration-ms="5986" status="PASS">
          <reporter-output>
          </reporter-output>
        </test-method> <!-- SignIn -->
        <test-method is-config="true" signature="setWaitForPageLoad()[pri:0, instance:com.TestScript.GmailScript@543788f3]" started-at="2020-12-10T13:35:00Z" name="setWaitForPageLoad" finished-at="2020-12-10T13:35:00Z" duration-ms="7" status="PASS">
          <reporter-output>
          </reporter-output>
        </test-method> <!-- setWaitForPageLoad -->
        <test-method signature="sendingEmail()[pri:1, instance:com.TestScript.GmailScript@543788f3]" started-at="2020-12-10T13:35:00Z" name="sendingEmail" finished-at="2020-12-10T13:35:26Z" duration-ms="26095" status="PASS">
          <reporter-output>
          </reporter-output>
        </test-method> <!-- sendingEmail -->
        <test-method is-config="true" signature="setWaitForPageLoad()[pri:0, instance:com.TestScript.GmailScript@543788f3]" started-at="2020-12-10T13:35:26Z" name="setWaitForPageLoad" finished-at="2020-12-10T13:35:26Z" duration-ms="6" status="PASS">
          <reporter-output>
          </reporter-output>
        </test-method> <!-- setWaitForPageLoad -->
        <test-method signature="SignUp()[pri:2, instance:com.TestScript.GmailScript@543788f3]" started-at="2020-12-10T13:35:26Z" name="SignUp" finished-at="2020-12-10T13:35:38Z" duration-ms="12416" status="FAIL">
          <exception class="java.lang.AssertionError">
            <message>
              <![CDATA[there is some error in SignUp operation]]>
            </message>
            <full-stacktrace>
              <![CDATA[java.lang.AssertionError: there is some error in SignUp operation
at org.testng.Assert.fail(Assert.java:85)
at com.gmail.SignupPage.signUpToGmail(SignupPage.java:178)
at com.TestScript.GmailScript.SignUp(GmailScript.java:53)
at java.base/jdk.internal.reflect.NativeMethodAccessorImpl.invoke0(Native Method)
at java.base/jdk.internal.reflect.NativeMethodAccessorImpl.invoke(NativeMethodAccessorImpl.java:64)
at java.base/jdk.internal.reflect.DelegatingMethodAccessorImpl.invoke(DelegatingMethodAccessorImpl.java:43)
at java.base/java.lang.reflect.Method.invoke(Method.java:564)
at org.testng.internal.MethodInvocationHelper.invokeMethod(MethodInvocationHelper.java:124)
at org.testng.internal.Invoker.invokeMethod(Invoker.java:583)
at org.testng.internal.Invoker.invokeTestMethod(Invoker.java:719)
at org.testng.internal.Invoker.invokeTestMethods(Invoker.java:989)
at org.testng.internal.TestMethodWorker.invokeTestMethods(TestMethodWorker.java:125)
at org.testng.internal.TestMethodWorker.run(TestMethodWorker.java:109)
at org.testng.TestRunner.privateRun(TestRunner.java:648)
at org.testng.TestRunner.run(TestRunner.java:505)
at org.testng.SuiteRunner.runTest(SuiteRunner.java:455)
at org.testng.SuiteRunner.runSequentially(SuiteRunner.java:450)
at org.testng.SuiteRunner.privateRun(SuiteRunner.java:415)
at org.testng.SuiteRunner.run(SuiteRunner.java:364)
at org.testng.SuiteRunnerWorker.runSuite(SuiteRunnerWorker.java:52)
at org.testng.SuiteRunnerWorker.run(SuiteRunnerWorker.java:84)
at org.testng.TestNG.runSuitesSequentially(TestNG.java:1208)
at org.testng.TestNG.runSuitesLocally(TestNG.java:1137)
at org.testng.TestNG.runSuites(TestNG.java:1049)
at org.testng.TestNG.run(TestNG.java:1017)
at com.intellij.rt.testng.IDEARemoteTestNG.run(IDEARemoteTestNG.java:66)
at com.intellij.rt.testng.RemoteTestNGStarter.main(RemoteTestNGStarter.java:109)
Caused by: org.openqa.selenium.NoSuchElementException: Cannot locate an element using id=phoneNumberId
For documentation on this error, please visit: https://www.seleniumhq.org/exceptions/no_such_element.html
Build info: version: '3.141.59', revision: 'e82be7d358', time: '2018-11-14T08:17:03'
System info: host: 'CONFIZ-3622', ip: '192.168.0.105', os.name: 'Windows 10', os.arch: 'amd64', os.version: '10.0', java.version: '15.0.1'
Driver info: driver.version: RemoteWebDriver
at org.openqa.selenium.remote.RemoteWebDriver.findElement(RemoteWebDriver.java:327)
at org.openqa.selenium.remote.RemoteWebDriver.findElementById(RemoteWebDriver.java:372)
at org.openqa.selenium.By$ById.findElement(By.java:188)
at org.openqa.selenium.remote.RemoteWebDriver.findElement(RemoteWebDriver.java:315)
at org.openqa.selenium.support.pagefactory.DefaultElementLocator.findElement(DefaultElementLocator.java:69)
at org.openqa.selenium.support.pagefactory.internal.LocatingElementHandler.invoke(LocatingElementHandler.java:38)
at com.sun.proxy.$Proxy12.sendKeys(Unknown Source)
at com.gmail.SignupPage.setpNumTextBx(SignupPage.java:100)
at com.gmail.SignupPage.signUpToGmail(SignupPage.java:161)
... 25 more
]]>
            </full-stacktrace>
          </exception> <!-- java.lang.AssertionError -->
          <reporter-output>
          </reporter-output>
        </test-method> <!-- SignUp -->
        <test-method is-config="true" signature="QuitBrowser()[pri:0, instance:com.TestScript.GmailScript@543788f3]" started-at="2020-12-10T13:35:38Z" name="QuitBrowser" finished-at="2020-12-10T13:35:38Z" duration-ms="2" status="PASS">
          <reporter-output>
          </reporter-output>
        </test-method> <!-- QuitBrowser -->
      </class> <!-- com.TestScript.GmailScript -->
    </test> <!-- SeleniumTrain -->
  </suite> <!-- Default Suite -->
</testng-results>
